<?xml version="1.0" encoding="UTF-8"?>
<testsuite name="ModuleStructureSpec" tests="1" skipped="0" failures="0" errors="0" timestamp="2025-09-29T03:21:43" hostname="MSR" time="3.322">
  <properties/>
  <testcase name="application modules should be free of violations" classname="ModuleStructureSpec" time="3.322"/>
  <system-out><![CDATA[23:21:43.667 [Test worker] INFO com.tngtech.archunit.core.PluginLoader -- Detected Java version 23.0.1
]]></system-out>
  <system-err><![CDATA[]]></system-err>
</testsuite>
